2023-05-04 09:24:44.787 [info] Log level: Info
2023-05-04 09:24:44.787 [info] Validating found git in: "git"
2023-05-04 09:24:44.787 [info] Using git "2.25.1" from "git"
2023-05-04 09:24:44.787 [info] > git rev-parse --show-toplevel [41ms]
2023-05-04 09:24:44.822 [info] > git rev-parse --git-dir --git-common-dir [28ms]
2023-05-04 09:24:44.830 [info] Open repository: /home/izael
2023-05-04 09:24:44.849 [info] > git rev-parse --show-toplevel [12ms]
2023-05-04 09:24:44.865 [info] > git rev-parse --show-toplevel [8ms]
2023-05-04 09:24:44.873 [info] > git config --get commit.template [24ms]
2023-05-04 09:24:44.876 [info] > git rev-parse --show-toplevel [4ms]
2023-05-04 09:24:44.904 [info] > git for-each-ref --format=%(refname)%00%(upstream:short)%00%(objectname)%00%(upstream:track)%00%(upstream:remotename)%00%(upstream:remoteref) refs/heads/main refs/remotes/main [14ms]
2023-05-04 09:24:44.912 [info] > git rev-parse --show-toplevel [30ms]
2023-05-04 09:24:44.924 [info] > git rev-parse --show-toplevel [2ms]
2023-05-04 09:24:44.935 [info] > git rev-parse --show-toplevel [5ms]
2023-05-04 09:24:44.944 [info] > git rev-parse --show-toplevel [2ms]
2023-05-04 09:24:44.963 [info] > git rev-parse --show-toplevel [12ms]
2023-05-04 09:24:44.983 [info] > git status -z -uall [70ms]
2023-05-04 09:24:45.636 [info] > git config --get commit.template [38ms]
2023-05-04 09:24:45.658 [info] > git check-ignore -v -z --stdin [35ms]
2023-05-04 09:24:45.660 [info] > git for-each-ref --format=%(refname)%00%(upstream:short)%00%(objectname)%00%(upstream:track)%00%(upstream:remotename)%00%(upstream:remoteref) refs/heads/main refs/remotes/main [8ms]
2023-05-04 09:24:45.765 [info] > git status -z -uall [94ms]
2023-05-04 09:24:45.907 [info] > git show --textconv :server.py [11ms]
2023-05-04 09:24:46.348 [info] > git ls-files --stage -- /home/izael/server.py [442ms]
2023-05-04 09:24:46.386 [info] > git cat-file -s 3a049b61e56516977b9517f4b2fa78ad4d7c01c4 [26ms]
2023-05-04 09:24:47.741 [info] > git config --get commit.template [3ms]
2023-05-04 09:24:47.751 [info] > git for-each-ref --format=%(refname)%00%(upstream:short)%00%(objectname)%00%(upstream:track)%00%(upstream:remotename)%00%(upstream:remoteref) refs/heads/main refs/remotes/main [1ms]
2023-05-04 09:24:47.835 [info] > git status -z -uall [75ms]
2023-05-04 09:24:53.002 [info] > git config --get commit.template [0ms]
2023-05-04 09:24:53.010 [info] > git for-each-ref --format=%(refname)%00%(upstream:short)%00%(objectname)%00%(upstream:track)%00%(upstream:remotename)%00%(upstream:remoteref) refs/heads/main refs/remotes/main [2ms]
2023-05-04 09:24:53.061 [info] > git status -z -uall [45ms]
2023-05-04 09:24:58.155 [info] > git config --get commit.template [8ms]
2023-05-04 09:24:58.156 [info] > git for-each-ref --format=%(refname)%00%(upstream:short)%00%(objectname)%00%(upstream:track)%00%(upstream:remotename)%00%(upstream:remoteref) refs/heads/main refs/remotes/main [1ms]
2023-05-04 09:24:58.206 [info] > git status -z -uall [43ms]
2023-05-04 09:25:03.295 [info] > git config --get commit.template [8ms]
2023-05-04 09:25:03.296 [info] > git for-each-ref --format=%(refname)%00%(upstream:short)%00%(objectname)%00%(upstream:track)%00%(upstream:remotename)%00%(upstream:remoteref) refs/heads/main refs/remotes/main [1ms]
2023-05-04 09:25:03.346 [info] > git status -z -uall [43ms]
2023-05-04 09:25:08.443 [info] > git config --get commit.template [13ms]
2023-05-04 09:25:08.444 [info] > git for-each-ref --format=%(refname)%00%(upstream:short)%00%(objectname)%00%(upstream:track)%00%(upstream:remotename)%00%(upstream:remoteref) refs/heads/main refs/remotes/main [2ms]
2023-05-04 09:25:08.507 [info] > git status -z -uall [53ms]
2023-05-04 09:25:29.046 [info] > git config --get commit.template [1ms]
2023-05-04 09:25:29.055 [info] > git for-each-ref --format=%(refname)%00%(upstream:short)%00%(objectname)%00%(upstream:track)%00%(upstream:remotename)%00%(upstream:remoteref) refs/heads/main refs/remotes/main [1ms]
2023-05-04 09:25:29.216 [info] > git status -z -uall [153ms] (cancelled)
