2023-05-03 18:12:16.715 [info] Extension host with pid 10580 started
2023-05-03 18:12:16.754 [info] ExtensionService#_doActivateExtension vscode.git-base, startup: true, activationEvent: '*', root cause: vscode.git
2023-05-03 18:12:16.761 [info] ExtensionService#_doActivateExtension ms-python.python, startup: true, activationEvent: 'workspaceContains:requirements.txt'
2023-05-03 18:12:17.001 [info] Lock '/home/izael/.vscode-server/data/User/workspaceStorage/1495e0476f088182d343915bd1cdd200/vscode.lock': Lock acquired.
2023-05-03 18:12:17.059 [info] ExtensionService#_doActivateExtension vscode.git, startup: true, activationEvent: '*'
2023-05-03 18:12:17.060 [info] ExtensionService#_doActivateExtension vscode.github, startup: true, activationEvent: '*'
2023-05-03 18:12:17.239 [info] Eager extensions activated
2023-05-03 18:12:17.239 [info] ExtensionService#_doActivateExtension vscode.debug-auto-launch, startup: false, activationEvent: 'onStartupFinished'
2023-05-03 18:12:17.240 [info] ExtensionService#_doActivateExtension vscode.merge-conflict, startup: false, activationEvent: 'onStartupFinished'
2023-05-03 18:12:17.346 [info] ExtensionService#_doActivateExtension ms-python.vscode-pylance, startup: false, activationEvent: 'api', root cause: ms-python.python
2023-05-03 18:12:20.534 [info] ExtensionService#_doActivateExtension vscode.emmet, startup: false, activationEvent: 'onLanguage'
2023-05-03 18:14:43.900 [info] ExtensionService#_doActivateExtension vscode.npm, startup: false, activationEvent: 'onTerminalQuickFixRequest:ms-vscode.npm-command'
2023-05-03 18:16:06.825 [info] ExtensionService#_doActivateExtension ms-toolsai.jupyter, startup: false, activationEvent: 'onLanguage:python'
2023-05-03 18:16:07.531 [info] ExtensionService#_doActivateExtension ms-toolsai.jupyter-renderers, startup: false, activationEvent: 'api', root cause: ms-toolsai.jupyter
2023-05-03 18:16:11.128 [info] ExtensionService#_doActivateExtension vscode.extension-editing, startup: false, activationEvent: 'onLanguage:ignore'
2023-05-03 18:18:21.843 [info] ExtensionService#_doActivateExtension vscode.markdown-language-features, startup: false, activationEvent: 'onLanguage:markdown'
2023-05-03 18:18:22.230 [info] ExtensionService#_doActivateExtension vscode.markdown-math, startup: false, activationEvent: 'api', root cause: vscode.markdown-language-features
2023-05-03 18:23:28.258 [info] Extension host terminating: received terminate message from renderer
2023-05-03 18:23:28.259 [info] Lock '/home/izael/.vscode-server/data/User/workspaceStorage/1495e0476f088182d343915bd1cdd200/vscode.lock': Marking the lockfile as scheduled to be released in 6000 ms.
2023-05-03 18:23:28.402 [info] Extension host with pid 10580 exiting with code 0
