2023-05-03 18:23:31.443 [info] Log level: Info
2023-05-03 18:23:31.443 [info] Validating found git in: "git"
2023-05-03 18:23:31.443 [info] Using git "2.25.1" from "git"
2023-05-03 18:23:31.447 [info] > git rev-parse --show-toplevel [33ms]
2023-05-03 18:23:31.456 [info] > git rev-parse --git-dir --git-common-dir [3ms]
2023-05-03 18:23:31.466 [info] Open repository: /home/izael
2023-05-03 18:23:31.532 [info] > git rev-parse --show-toplevel [59ms]
2023-05-03 18:23:31.542 [info] > git rev-parse --show-toplevel [5ms]
2023-05-03 18:23:31.547 [info] > git config --get commit.template [68ms]
2023-05-03 18:23:31.550 [info] > git rev-parse --show-toplevel [4ms]
2023-05-03 18:23:31.562 [info] > git rev-parse --show-toplevel [7ms]
2023-05-03 18:23:31.568 [info] > git rev-parse --show-toplevel [2ms]
2023-05-03 18:23:31.574 [info] > git for-each-ref --format=%(refname)%00%(upstream:short)%00%(objectname)%00%(upstream:track)%00%(upstream:remotename)%00%(upstream:remoteref) refs/heads/main refs/remotes/main [13ms]
2023-05-03 18:23:31.582 [info] > git rev-parse --show-toplevel [7ms]
2023-05-03 18:23:31.602 [info] > git rev-parse --show-toplevel [3ms]
2023-05-03 18:23:31.613 [info] > git rev-parse --show-toplevel [2ms]
2023-05-03 18:23:31.695 [info] > git status -z -uall [116ms]
2023-05-03 18:23:31.766 [info] > git config --get commit.template [8ms]
2023-05-03 18:23:31.800 [info] > git for-each-ref --format=%(refname)%00%(upstream:short)%00%(objectname)%00%(upstream:track)%00%(upstream:remotename)%00%(upstream:remoteref) refs/heads/main refs/remotes/main [23ms]
2023-05-03 18:23:32.037 [info] > git status -z -uall [229ms]
2023-05-03 18:23:32.076 [info] > git check-ignore -v -z --stdin [18ms]
2023-05-03 18:23:43.331 [info] > git show --textconv :requirements.txt [6ms]
2023-05-03 18:23:43.334 [info] > git ls-files --stage -- /home/izael/requirements.txt [4ms]
2023-05-03 18:23:43.340 [info] > git cat-file -s 7883f5be06e49388d9226be4b1b0a41e7d27696f [1ms]
2023-05-03 18:23:47.983 [info] > git show --textconv :server.py [15ms]
2023-05-03 18:23:47.997 [info] > git ls-files --stage -- /home/izael/server.py [19ms]
2023-05-03 18:23:48.010 [info] > git cat-file -s 129cacfb4b6f11c0faf540fb3c39f600d62ac8eb [4ms]
2023-05-03 18:23:49.322 [info] > git config --get commit.template [15ms]
2023-05-03 18:23:49.323 [info] > git for-each-ref --format=%(refname)%00%(upstream:short)%00%(objectname)%00%(upstream:track)%00%(upstream:remotename)%00%(upstream:remoteref) refs/heads/main refs/remotes/main [3ms]
2023-05-03 18:23:49.391 [info] > git status -z -uall [57ms]
2023-05-03 18:23:54.451 [info] > git config --get commit.template [11ms]
2023-05-03 18:23:54.454 [info] > git for-each-ref --format=%(refname)%00%(upstream:short)%00%(objectname)%00%(upstream:track)%00%(upstream:remotename)%00%(upstream:remoteref) refs/heads/main refs/remotes/main [4ms]
2023-05-03 18:23:54.506 [info] > git status -z -uall [44ms]
2023-05-03 18:26:26.503 [info] > git config --get commit.template [15ms]
2023-05-03 18:26:26.504 [info] > git for-each-ref --format=%(refname)%00%(upstream:short)%00%(objectname)%00%(upstream:track)%00%(upstream:remotename)%00%(upstream:remoteref) refs/heads/main refs/remotes/main [3ms]
2023-05-03 18:26:26.564 [info] > git status -z -uall [53ms]
2023-05-03 18:26:48.552 [info] > git config --get commit.template [5ms]
2023-05-03 18:26:48.552 [info] > git for-each-ref --format=%(refname)%00%(upstream:short)%00%(objectname)%00%(upstream:track)%00%(upstream:remotename)%00%(upstream:remoteref) refs/heads/main refs/remotes/main [1ms]
2023-05-03 18:26:48.597 [info] > git status -z -uall [41ms]
2023-05-03 18:27:12.102 [info] > git show --textconv :requirements.txt [6ms]
2023-05-03 18:27:12.105 [info] > git ls-files --stage -- /home/izael/requirements.txt [4ms]
2023-05-03 18:27:12.112 [info] > git cat-file -s 7883f5be06e49388d9226be4b1b0a41e7d27696f [1ms]
2023-05-03 18:27:20.638 [info] > git config --get commit.template [1ms]
2023-05-03 18:27:20.645 [info] > git for-each-ref --format=%(refname)%00%(upstream:short)%00%(objectname)%00%(upstream:track)%00%(upstream:remotename)%00%(upstream:remoteref) refs/heads/main refs/remotes/main [2ms]
2023-05-03 18:27:20.691 [info] > git status -z -uall [42ms]
2023-05-03 18:28:28.473 [info] > git show --textconv :.sudo_as_admin_successful [6ms]
2023-05-03 18:28:28.477 [info] > git ls-files --stage -- /home/izael/.sudo_as_admin_successful [4ms]
2023-05-03 18:28:28.482 [info] > git cat-file -s e69de29bb2d1d6434b8b29ae775ad8c2e48c5391 [1ms]
2023-05-03 18:28:29.847 [info] > git show --textconv :.python_history [13ms]
2023-05-03 18:28:29.851 [info] > git ls-files --stage -- /home/izael/.python_history [6ms]
2023-05-03 18:28:29.858 [info] > git cat-file -s 7aa42d0a85e42ff026237e0900dd516beed50987 [1ms]
2023-05-03 18:28:30.558 [info] > git show --textconv :.profile [11ms]
2023-05-03 18:28:30.562 [info] > git ls-files --stage -- /home/izael/.profile [5ms]
2023-05-03 18:28:30.568 [info] > git cat-file -s d89ea5a6e83a2956d7461b547fa0d7d68103b9c9 [1ms]
2023-05-03 18:28:39.183 [info] > git check-ignore -v -z --stdin [4ms]
2023-05-03 18:28:40.418 [info] > git check-ignore -v -z --stdin [4ms]
2023-05-03 18:28:43.659 [info] > git check-ignore -v -z --stdin [7ms]
2023-05-03 18:28:46.365 [info] > git check-ignore -v -z --stdin [5ms]
2023-05-03 18:28:48.119 [info] > git check-ignore -v -z --stdin [5ms]
2023-05-03 18:28:51.253 [info] > git check-ignore -v -z --stdin [3ms]
2023-05-03 18:28:52.688 [info] > git check-ignore -v -z --stdin [7ms]
2023-05-03 18:28:56.010 [info] > git check-ignore -v -z --stdin [5ms]
2023-05-03 18:28:57.349 [info] > git check-ignore -v -z --stdin [4ms]
2023-05-03 18:29:29.065 [info] > git config --get commit.template [7ms]
2023-05-03 18:29:29.066 [info] > git for-each-ref --format=%(refname)%00%(upstream:short)%00%(objectname)%00%(upstream:track)%00%(upstream:remotename)%00%(upstream:remoteref) refs/heads/main refs/remotes/main [2ms]
2023-05-03 18:29:29.112 [info] > git status -z -uall [41ms]
2023-05-03 18:32:35.146 [info] > git config --get commit.template [6ms]
2023-05-03 18:32:35.146 [info] > git for-each-ref --format=%(refname)%00%(upstream:short)%00%(objectname)%00%(upstream:track)%00%(upstream:remotename)%00%(upstream:remoteref) refs/heads/main refs/remotes/main [1ms]
2023-05-03 18:32:35.192 [info] > git status -z -uall [41ms]
2023-05-03 18:32:35.228 [info] > git check-ignore -v -z --stdin [9ms]
2023-05-03 18:33:24.927 [info] > git show --textconv :.gitignore [7ms]
2023-05-03 18:33:24.930 [info] > git ls-files --stage -- /home/izael/.gitignore [4ms]
2023-05-03 18:33:25.190 [info] > git check-ignore -v -z --stdin [3ms]
2023-05-03 18:33:25.756 [info] > git config --get commit.template [6ms]
2023-05-03 18:33:25.756 [info] > git for-each-ref --format=%(refname)%00%(upstream:short)%00%(objectname)%00%(upstream:track)%00%(upstream:remotename)%00%(upstream:remoteref) refs/heads/main refs/remotes/main [1ms]
2023-05-03 18:33:25.817 [info] > git status -z -uall [56ms]
2023-05-03 18:33:37.684 [info] > git check-ignore -v -z --stdin [10ms]
2023-05-03 18:33:38.255 [info] > git config --get commit.template [7ms]
2023-05-03 18:33:38.256 [info] > git for-each-ref --format=%(refname)%00%(upstream:short)%00%(objectname)%00%(upstream:track)%00%(upstream:remotename)%00%(upstream:remoteref) refs/heads/main refs/remotes/main [2ms]
2023-05-03 18:33:38.304 [info] > git status -z -uall [44ms]
