[2023-05-03T18:10:04.586Z] starting `heroku update --autoupdate` from /usr/lib/heroku/bin/run version
waiting until 2023-05-03T19:10:04.560Z to update
waiting until 2023-05-03T19:10:11.622Z to update
waiting until 2023-05-03T19:10:11.622Z to update
waiting until 2023-05-03T19:10:11.622Z to update
waiting until 2023-05-03T19:10:11.622Z to update
waiting until 2023-05-03T19:10:11.622Z to update
waiting until 2023-05-03T19:10:11.622Z to update
waiting until 2023-05-03T19:10:11.622Z to update
waiting until 2023-05-03T19:10:11.622Z to update
waiting until 2023-05-03T19:10:11.622Z to update
waiting until 2023-05-03T19:10:11.622Z to update
waiting until 2023-05-03T19:10:11.622Z to update
waiting until 2023-05-03T19:10:11.622Z to update
waiting until 2023-05-03T19:10:11.622Z to update
waiting until 2023-05-03T19:10:11.622Z to update
waiting until 2023-05-03T19:10:11.622Z to update
waiting until 2023-05-03T19:10:11.622Z to update
waiting until 2023-05-03T19:10:11.622Z to update
waiting until 2023-05-03T19:10:11.622Z to update
waiting until 2023-05-03T19:10:11.622Z to update
waiting until 2023-05-03T19:10:11.622Z to update
waiting until 2023-05-03T19:10:11.622Z to update
waiting until 2023-05-03T19:10:11.622Z to update
waiting until 2023-05-03T19:10:11.622Z to update
waiting until 2023-05-03T19:10:11.622Z to update
waiting until 2023-05-03T19:10:11.622Z to update
waiting until 2023-05-03T19:10:11.622Z to update
waiting until 2023-05-03T19:10:11.622Z to update
waiting until 2023-05-03T19:10:11.622Z to update
waiting until 2023-05-03T19:10:11.622Z to update
waiting until 2023-05-03T19:10:11.622Z to update
waiting until 2023-05-03T19:10:11.622Z to update
waiting until 2023-05-03T19:10:11.622Z to update
waiting until 2023-05-03T19:10:11.622Z to update
waiting until 2023-05-03T19:10:11.622Z to update
waiting until 2023-05-03T19:10:11.622Z to update
waiting until 2023-05-03T19:10:11.622Z to update
waiting until 2023-05-03T19:10:11.622Z to update
waiting until 2023-05-03T19:10:11.622Z to update
waiting until 2023-05-03T19:10:11.622Z to update
waiting until 2023-05-03T19:10:11.622Z to update
waiting until 2023-05-03T19:10:11.622Z to update
waiting until 2023-05-03T19:10:11.622Z to update
waiting until 2023-05-03T19:10:11.622Z to update
waiting until 2023-05-03T19:10:11.622Z to update
waiting until 2023-05-03T19:10:11.622Z to update
waiting until 2023-05-03T19:10:11.622Z to update
waiting until 2023-05-03T19:10:11.622Z to update
waiting until 2023-05-03T19:10:11.622Z to update
waiting until 2023-05-03T19:10:11.622Z to update
waiting until 2023-05-03T19:10:11.622Z to update
waiting until 2023-05-03T19:10:11.622Z to update
waiting until 2023-05-03T19:10:11.622Z to update
waiting until 2023-05-03T19:10:11.622Z to update
waiting until 2023-05-03T19:10:11.622Z to update
waiting until 2023-05-03T19:10:11.622Z to update
waiting until 2023-05-03T19:10:11.622Z to update
waiting until 2023-05-03T19:10:11.622Z to update
waiting until 2023-05-03T19:10:11.622Z to update
waiting until 2023-05-03T20:10:27.518Z to update
waiting until 2023-05-03T20:10:27.518Z to update
waiting until 2023-05-03T20:10:27.518Z to update
waiting until 2023-05-03T20:10:27.518Z to update
waiting until 2023-05-03T20:10:27.518Z to update
waiting until 2023-05-03T20:10:27.518Z to update
waiting until 2023-05-03T20:10:27.518Z to update
waiting until 2023-05-03T20:17:41.684Z to update
waiting until 2023-05-03T20:17:41.684Z to update
waiting until 2023-05-03T20:17:41.684Z to update
waiting until 2023-05-03T20:17:41.684Z to update
waiting until 2023-05-03T20:17:41.684Z to update
waiting until 2023-05-03T20:17:41.684Z to update
waiting until 2023-05-03T20:17:41.684Z to update
waiting until 2023-05-03T20:17:41.684Z to update
waiting until 2023-05-03T20:17:41.684Z to update
waiting until 2023-05-03T20:26:31.007Z to update
waiting until 2023-05-03T20:26:31.007Z to update
waiting until 2023-05-03T20:28:37.645Z to update
waiting until 2023-05-03T20:28:37.645Z to update
waiting until 2023-05-03T20:28:37.645Z to update
waiting until 2023-05-03T20:31:28.597Z to update
waiting until 2023-05-03T20:31:28.597Z to update
waiting until 2023-05-03T20:31:28.597Z to update
waiting until 2023-05-03T20:31:28.597Z to update
waiting until 2023-05-03T20:31:28.597Z to update
waiting until 2023-05-03T20:31:28.597Z to update
waiting until 2023-05-03T20:31:28.597Z to update
waiting until 2023-05-03T20:31:28.597Z to update
waiting until 2023-05-03T20:31:28.597Z to update
waiting until 2023-05-03T20:31:28.597Z to update
waiting until 2023-05-03T20:31:28.597Z to update
waiting until 2023-05-03T20:31:28.597Z to update
waiting until 2023-05-03T20:31:28.597Z to update
waiting until 2023-05-03T20:31:28.597Z to update
waiting until 2023-05-03T20:31:28.597Z to update
waiting until 2023-05-03T20:31:28.597Z to update
waiting until 2023-05-03T20:31:28.597Z to update
waiting until 2023-05-03T20:48:23.497Z to update
waiting until 2023-05-03T20:48:23.497Z to update
waiting until 2023-05-03T20:48:23.497Z to update
waiting until 2023-05-03T20:48:23.497Z to update
waiting until 2023-05-03T20:48:23.497Z to update
waiting until 2023-05-03T20:48:23.497Z to update
waiting until 2023-05-03T20:48:23.497Z to update
waiting until 2023-05-03T20:48:23.497Z to update
waiting until 2023-05-03T20:48:23.497Z to update
waiting until 2023-05-03T20:48:23.497Z to update
waiting until 2023-05-03T20:48:23.497Z to update
waiting until 2023-05-03T20:48:23.497Z to update
waiting until 2023-05-03T20:48:23.497Z to update
waiting until 2023-05-03T20:48:23.497Z to update
waiting until 2023-05-03T20:48:23.497Z to update
waiting until 2023-05-03T20:48:23.497Z to update
waiting until 2023-05-03T20:48:23.497Z to update
waiting until 2023-05-03T20:48:23.497Z to update
waiting until 2023-05-03T20:48:23.497Z to update
waiting until 2023-05-03T20:48:23.497Z to update
waiting until 2023-05-03T20:48:23.497Z to update
waiting until 2023-05-03T20:48:23.497Z to update
waiting until 2023-05-03T20:48:23.497Z to update
waiting until 2023-05-03T20:48:23.497Z to update
waiting until 2023-05-03T20:48:23.497Z to update
waiting until 2023-05-03T20:48:23.497Z to update
waiting until 2023-05-03T20:48:23.497Z to update
waiting until 2023-05-03T20:48:23.497Z to update
waiting until 2023-05-03T20:48:23.497Z to update
waiting until 2023-05-03T20:48:23.497Z to update
waiting until 2023-05-03T20:48:23.497Z to update
time to update
heroku: Updating CLI...
 ›   Warning: update with "sudo apt update && sudo apt install heroku"
[G[1A[Jheroku: Updating CLI... not updatable
